/var/www/usermenager/src/Infrastructure/RequestMenager/RequestMenager.php:19: warning: documented symbol 'Config $config Class responsible for getting classes from Infrastructure\RequestMenager\RequestMenager::config' was not declared or defined.
/var/www/usermenager/src/Infrastructure/RequestMenager/RequestMenager.php:25: warning: documented symbol 'Validator $validator Class responsible for validating docs request CQ and Infrastructure\RequestMenager\RequestMenager::DTO' was not declared or defined.
/var/www/usermenager/App/AppDoc.php:10: warning: Found unknown command '@OA'
/var/www/usermenager/App/AppDoc.php:10: warning: Found unknown command '\OpenApi'
/var/www/usermenager/App/AppDoc.php:12: warning: Found unknown command '@OA'
/var/www/usermenager/App/AppDoc.php:12: warning: Found unknown command '\Info'
/var/www/usermenager/App/AppDoc.php:16: warning: Found unknown command '@OA'
/var/www/usermenager/App/AppDoc.php:16: warning: Found unknown command '\Contact'
/var/www/usermenager/App/AppDoc.php:21: warning: Found unknown command '@OA'
/var/www/usermenager/App/AppDoc.php:21: warning: Found unknown command '\Server'
/var/www/usermenager/src/Domain/User/GetUserById/Doc.php:14: warning: Found unknown command '@OA'
/var/www/usermenager/src/Domain/User/GetUserById/Doc.php:14: warning: Found unknown command '\Get'
/var/www/usermenager/src/Domain/User/GetUserById/Doc.php:19: warning: Found unknown command '@OA'
/var/www/usermenager/src/Domain/User/GetUserById/Doc.php:19: warning: Found unknown command '\Parameter'
/var/www/usermenager/src/Domain/User/GetUserById/Doc.php:24: warning: Found unknown command '@OA'
/var/www/usermenager/src/Domain/User/GetUserById/Doc.php:24: warning: Found unknown command '\Schema'
/var/www/usermenager/src/Domain/User/GetUserById/Doc.php:28: warning: Found unknown command '@OA'
/var/www/usermenager/src/Domain/User/GetUserById/Doc.php:28: warning: Found unknown command '\Parameter'
/var/www/usermenager/src/Domain/User/GetUserById/Doc.php:33: warning: Found unknown command '@OA'
/var/www/usermenager/src/Domain/User/GetUserById/Doc.php:33: warning: Found unknown command '\Schema'
/var/www/usermenager/src/Domain/User/GetUserById/Doc.php:37: warning: Found unknown command '@OA'
/var/www/usermenager/src/Domain/User/GetUserById/Doc.php:37: warning: Found unknown command '\Response'
/var/www/usermenager/src/Domain/User/GetUserById/Doc.php:40: warning: Found unknown command '@OA'
/var/www/usermenager/src/Domain/User/GetUserById/Doc.php:40: warning: Found unknown command '\MediaType'
/var/www/usermenager/src/Domain/User/GetUserById/Doc.php:42: warning: Found unknown command '@OA'
/var/www/usermenager/src/Domain/User/GetUserById/Doc.php:42: warning: Found unknown command '\Schema'
/var/www/usermenager/src/Domain/User/GetUserById/Doc.php:54: warning: Found unknown command '@OA'
/var/www/usermenager/src/Domain/User/GetUserById/Doc.php:54: warning: Found unknown command '\Property'
/var/www/usermenager/src/Domain/User/GetUserById/Doc.php:63: warning: Found unknown command '@OA'
/var/www/usermenager/src/Domain/User/GetUserById/Doc.php:63: warning: Found unknown command '\Property'
/var/www/usermenager/src/Domain/User/GetUserById/Doc.php:69: warning: Found unknown command '@OA'
/var/www/usermenager/src/Domain/User/GetUserById/Doc.php:69: warning: Found unknown command '\Property'
/var/www/usermenager/src/Domain/User/GetUserById/Doc.php:75: warning: Found unknown command '@OA'
/var/www/usermenager/src/Domain/User/GetUserById/Doc.php:75: warning: Found unknown command '\Property'
/var/www/usermenager/src/Domain/User/GetUserById/Doc.php:81: warning: Found unknown command '@OA'
/var/www/usermenager/src/Domain/User/GetUserById/Doc.php:81: warning: Found unknown command '\Property'
/var/www/usermenager/src/Domain/User/GetUserById/Doc.php:87: warning: Found unknown command '@OA'
/var/www/usermenager/src/Domain/User/GetUserById/Doc.php:87: warning: Found unknown command '\Property'
/var/www/usermenager/src/Domain/User/GetUserById/Doc.php:94: warning: Found unknown command '@OA'
/var/www/usermenager/src/Domain/User/GetUserById/Doc.php:94: warning: Found unknown command '\Property'
/var/www/usermenager/src/Domain/User/GetUserById/Doc.php:101: warning: Found unknown command '@OA'
/var/www/usermenager/src/Domain/User/GetUserById/Doc.php:101: warning: Found unknown command '\Property'
/var/www/usermenager/src/Domain/User/GetUserById/Doc.php:105: warning: Found unknown command '@OA'
/var/www/usermenager/src/Domain/User/GetUserById/Doc.php:105: warning: Found unknown command '\Items'
/var/www/usermenager/src/Domain/User/GetUserById/Doc.php:114: warning: Found unknown command '@OA'
/var/www/usermenager/src/Domain/User/GetUserById/Doc.php:114: warning: Found unknown command '\Property'
/var/www/usermenager/src/Domain/User/GetUserById/Doc.php:123: warning: Found unknown command '@OA'
/var/www/usermenager/src/Domain/User/GetUserById/Doc.php:123: warning: Found unknown command '\Property'
/var/www/usermenager/src/Domain/User/GetUserById/Doc.php:129: warning: Found unknown command '@OA'
/var/www/usermenager/src/Domain/User/GetUserById/Doc.php:129: warning: Found unknown command '\Property'
/var/www/usermenager/src/Domain/User/GetUserById/Doc.php:135: warning: Found unknown command '@OA'
/var/www/usermenager/src/Domain/User/GetUserById/Doc.php:135: warning: Found unknown command '\Property'
/var/www/usermenager/src/Domain/User/GetUserById/Doc.php:142: warning: Found unknown command '@OA'
/var/www/usermenager/src/Domain/User/GetUserById/Doc.php:142: warning: Found unknown command '\Property'
/var/www/usermenager/src/Infrastructure/Common/RoutingStrategy/RequestWithArgsAsQueryResponse.php:12: warning: Found unknown command '@inheritDoc'
/var/www/usermenager/src/Infrastructure/RequestMenager/RequestMenager.php:12: warning: Found unknown command '@description'
/var/www/usermenager/tests/Unit/ValueObject/ActionTest.php:30: warning: Found unknown command '@dataProvider'
/var/www/usermenager/tests/Unit/ValueObject/ActionTest.php:14: warning: Found unknown command '@dataProvider'
